app/build/intermediates/manifest_merge_blame_file/debug/manifest-merger-blame-debug-report.txt
1<?xml version="1.0" encoding="utf-8"?>
2<manifest xmlns:android="http://schemas.android.com/apk/res/android"
3    package="com.google.mlkit.vision.demo"
4    android:installLocation="auto"
5    android:versionCode="11"
6    android:versionName="1.11" >
7    <!--
8 CameraX libraries require minSdkVersion 21, while this quickstart app
9    supports low to 19. Needs to use overrideLibrary to make the merger tool
10    ignore this conflict and import the libraries while keeping the app's lower
11    minSdkVersion value. In code, will check SDK version, before calling CameraX
12    APIs.
13    -->
14    <uses-sdk
14-->src\main\AndroidManifest.xml:11:5-13:63
15        android:minSdkVersion="19"
15-->src\main\AndroidManifest.xml:11:5-13:63
16        android:targetSdkVersion="31" />
16-->src\main\AndroidManifest.xml:11:5-13:63
17
18    <uses-feature android:name="android.hardware.camera" />
18-->src\main\AndroidManifest.xml:15:5-60
18-->src\main\AndroidManifest.xml:15:19-57
19
20    <uses-permission android:name="android.permission.INTERNET" />
20-->src\main\AndroidManifest.xml:17:5-67
20-->src\main\AndroidManifest.xml:17:22-64
21    <uses-permission android:name="android.permission.WRITE_EXTERNAL_STORAGE" />
21-->src\main\AndroidManifest.xml:18:5-81
21-->src\main\AndroidManifest.xml:18:22-78
22    <uses-permission android:name="android.permission.READ_EXTERNAL_STORAGE" />
22-->src\main\AndroidManifest.xml:19:5-80
22-->src\main\AndroidManifest.xml:19:22-77
23    <uses-permission android:name="android.permission.CAMERA" />
23-->src\main\AndroidManifest.xml:20:5-65
23-->src\main\AndroidManifest.xml:20:22-62
24
25    <queries>
25-->src\main\AndroidManifest.xml:48:5-52:15
26        <intent>
26-->src\main\AndroidManifest.xml:49:9-51:18
27            <action android:name="android.media.action.IMAGE_CAPTURE" />
27-->src\main\AndroidManifest.xml:50:13-73
27-->src\main\AndroidManifest.xml:50:21-70
28        </intent>
29    </queries>
30
31    <!-- For remote config -->
32    <uses-permission android:name="android.permission.ACCESS_NETWORK_STATE" />
32-->[com.google.mlkit:pose-detection-common:18.0.0-beta3] AndroidManifest.xml:7:5-79
32-->[com.google.mlkit:pose-detection-common:18.0.0-beta3] AndroidManifest.xml:7:22-76
33    <uses-permission android:name="android.permission.WAKE_LOCK" />
33-->[androidx.work:work-runtime:2.7.0] AndroidManifest.xml:25:5-68
33-->[androidx.work:work-runtime:2.7.0] AndroidManifest.xml:25:22-65
34    <uses-permission android:name="android.permission.RECEIVE_BOOT_COMPLETED" />
34-->[androidx.work:work-runtime:2.7.0] AndroidManifest.xml:27:5-81
34-->[androidx.work:work-runtime:2.7.0] AndroidManifest.xml:27:22-78
35    <uses-permission android:name="android.permission.FOREGROUND_SERVICE" />
35-->[androidx.work:work-runtime:2.7.0] AndroidManifest.xml:28:5-77
35-->[androidx.work:work-runtime:2.7.0] AndroidManifest.xml:28:22-74
36
37    <application
37-->src\main\AndroidManifest.xml:22:5-47:19
38        android:name="androidx.multidex.MultiDexApplication"
38-->src\main\AndroidManifest.xml:23:9-61
39        android:appComponentFactory="androidx.core.app.CoreComponentFactory"
39-->[androidx.core:core:1.6.0] AndroidManifest.xml:24:18-86
40        android:debuggable="true"
41        android:icon="@drawable/logo_mlkit"
41-->src\main\AndroidManifest.xml:24:9-44
42        android:label="@string/app_name"
42-->src\main\AndroidManifest.xml:25:9-41
43        android:testOnly="true"
44        android:theme="@style/Theme.AppCompat" >
44-->src\main\AndroidManifest.xml:26:9-47
45        <activity
45-->src\main\AndroidManifest.xml:28:9-36:20
46            android:name="com.google.mlkit.vision.demo.java.ChooserActivity"
46-->src\main\AndroidManifest.xml:29:13-49
47            android:exported="true"
47-->src\main\AndroidManifest.xml:30:13-36
48            android:theme="@style/AppTheme" >
48-->src\main\AndroidManifest.xml:31:13-44
49            <intent-filter>
49-->src\main\AndroidManifest.xml:32:13-35:29
50                <action android:name="android.intent.action.MAIN" />
50-->src\main\AndroidManifest.xml:33:17-69
50-->src\main\AndroidManifest.xml:33:25-66
51
52                <category android:name="android.intent.category.LAUNCHER" />
52-->src\main\AndroidManifest.xml:34:17-77
52-->src\main\AndroidManifest.xml:34:27-74
53            </intent-filter>
54        </activity>
55        <activity
55-->src\main\AndroidManifest.xml:38:9-41:47
56            android:name="com.google.mlkit.vision.demo.java.CameraXLivePreviewActivity"
56-->src\main\AndroidManifest.xml:39:13-60
57            android:exported="false"
57-->src\main\AndroidManifest.xml:40:13-37
58            android:theme="@style/AppTheme" />
58-->src\main\AndroidManifest.xml:41:13-44
59        <activity
59-->src\main\AndroidManifest.xml:43:9-45:40
60            android:name="com.google.mlkit.vision.demo.preference.SettingsActivity"
60-->src\main\AndroidManifest.xml:44:13-56
61            android:exported="false" />
61-->src\main\AndroidManifest.xml:45:13-37
62
63        <!--
64             Required for ML Kit Pose Detection GPU acceleration. Applications that target Android
65             S+ require explicit declaration of any referenced vendor-provided libraries.
66        -->
67        <uses-native-library
67-->[com.google.mlkit:pose-detection-common:18.0.0-beta3] AndroidManifest.xml:16:9-18:40
68            android:name="libOpenCL.so"
68-->[com.google.mlkit:pose-detection-common:18.0.0-beta3] AndroidManifest.xml:17:13-40
69            android:required="false" />
69-->[com.google.mlkit:pose-detection-common:18.0.0-beta3] AndroidManifest.xml:18:13-37
70        <uses-native-library
70-->[com.google.mlkit:pose-detection-common:18.0.0-beta3] AndroidManifest.xml:16:9-18:40
71            android:name="libOpenCL-car.so"
71-->[com.google.mlkit:pose-detection-common:18.0.0-beta3] AndroidManifest.xml:17:13-40
72            android:required="false" />
72-->[com.google.mlkit:pose-detection-common:18.0.0-beta3] AndroidManifest.xml:18:13-37
73        <uses-native-library
73-->[com.google.mlkit:pose-detection-common:18.0.0-beta3] AndroidManifest.xml:16:9-18:40
74            android:name="libOpenCL-pixel.so"
74-->[com.google.mlkit:pose-detection-common:18.0.0-beta3] AndroidManifest.xml:17:13-40
75            android:required="false" />
75-->[com.google.mlkit:pose-detection-common:18.0.0-beta3] AndroidManifest.xml:18:13-37
76
77        <service
77-->[com.google.mlkit:pose-detection-common:18.0.0-beta3] AndroidManifest.xml:26:9-32:19
78            android:name="com.google.mlkit.common.internal.MlKitComponentDiscoveryService"
78-->[com.google.mlkit:pose-detection-common:18.0.0-beta3] AndroidManifest.xml:27:13-91
79            android:directBootAware="true"
79-->[com.google.mlkit:common:18.5.0] AndroidManifest.xml:17:13-43
80            android:exported="false" >
80-->[com.google.mlkit:pose-detection-common:18.0.0-beta3] AndroidManifest.xml:28:13-37
81            <meta-data
81-->[com.google.mlkit:pose-detection-common:18.0.0-beta3] AndroidManifest.xml:29:13-31:85
82                android:name="com.google.firebase.components:com.google.mlkit.vision.pose.internal.PoseRegistrar"
82-->[com.google.mlkit:pose-detection-common:18.0.0-beta3] AndroidManifest.xml:30:17-114
83                android:value="com.google.firebase.components.ComponentRegistrar" />
83-->[com.google.mlkit:pose-detection-common:18.0.0-beta3] AndroidManifest.xml:31:17-82
84            <meta-data
84-->[com.google.mlkit:object-detection:17.0.0] AndroidManifest.xml:14:13-16:85
85                android:name="com.google.firebase.components:com.google.mlkit.vision.objects.defaults.internal.DefaultObjectsRegistrar"
85-->[com.google.mlkit:object-detection:17.0.0] AndroidManifest.xml:15:17-136
86                android:value="com.google.firebase.components.ComponentRegistrar" />
86-->[com.google.mlkit:object-detection:17.0.0] AndroidManifest.xml:16:17-82
87            <meta-data
87-->[com.google.mlkit:object-detection-custom:17.0.0] AndroidManifest.xml:11:13-13:85
88                android:name="com.google.firebase.components:com.google.mlkit.vision.objects.custom.internal.CustomObjectsRegistrar"
88-->[com.google.mlkit:object-detection-custom:17.0.0] AndroidManifest.xml:12:17-133
89                android:value="com.google.firebase.components.ComponentRegistrar" />
89-->[com.google.mlkit:object-detection-custom:17.0.0] AndroidManifest.xml:13:17-82
90            <meta-data
90-->[com.google.mlkit:image-labeling:17.0.7] AndroidManifest.xml:11:13-13:85
91                android:name="com.google.firebase.components:com.google.mlkit.vision.label.defaults.internal.BundledLabelRegistrar"
91-->[com.google.mlkit:image-labeling:17.0.7] AndroidManifest.xml:12:17-132
92                android:value="com.google.firebase.components.ComponentRegistrar" />
92-->[com.google.mlkit:image-labeling:17.0.7] AndroidManifest.xml:13:17-82
93            <meta-data
93-->[com.google.mlkit:image-labeling-custom:17.0.1] AndroidManifest.xml:11:13-13:85
94                android:name="com.google.firebase.components:com.google.mlkit.vision.label.custom.internal.CustomLabelRegistrar"
94-->[com.google.mlkit:image-labeling-custom:17.0.1] AndroidManifest.xml:12:17-129
95                android:value="com.google.firebase.components.ComponentRegistrar" />
95-->[com.google.mlkit:image-labeling-custom:17.0.1] AndroidManifest.xml:13:17-82
96            <meta-data
96-->[com.google.mlkit:segmentation-selfie:16.0.0-beta4] AndroidManifest.xml:12:13-14:85
97                android:name="com.google.firebase.components:com.google.mlkit.vision.segmentation.internal.SegmentationRegistrar"
97-->[com.google.mlkit:segmentation-selfie:16.0.0-beta4] AndroidManifest.xml:13:17-130
98                android:value="com.google.firebase.components.ComponentRegistrar" />
98-->[com.google.mlkit:segmentation-selfie:16.0.0-beta4] AndroidManifest.xml:14:17-82
99            <meta-data
99-->[com.google.mlkit:face-mesh-detection:16.0.0-beta1] AndroidManifest.xml:11:13-13:85
100                android:name="com.google.firebase.components:com.google.mlkit.vision.facemesh.internal.FaceMeshRegistrar"
100-->[com.google.mlkit:face-mesh-detection:16.0.0-beta1] AndroidManifest.xml:12:17-122
101                android:value="com.google.firebase.components.ComponentRegistrar" />
101-->[com.google.mlkit:face-mesh-detection:16.0.0-beta1] AndroidManifest.xml:13:17-82
102            <meta-data
102-->[com.google.android.gms:play-services-mlkit-barcode-scanning:18.0.0] AndroidManifest.xml:12:13-14:85
103                android:name="com.google.firebase.components:com.google.mlkit.vision.barcode.internal.BarcodeRegistrar"
103-->[com.google.android.gms:play-services-mlkit-barcode-scanning:18.0.0] AndroidManifest.xml:13:17-120
104                android:value="com.google.firebase.components.ComponentRegistrar" />
104-->[com.google.android.gms:play-services-mlkit-barcode-scanning:18.0.0] AndroidManifest.xml:14:17-82
105            <meta-data
105-->[com.google.mlkit:vision-internal-vkp:18.2.2] AndroidManifest.xml:14:13-16:85
106                android:name="com.google.firebase.components:com.google.mlkit.vision.vkp.VkpRegistrar"
106-->[com.google.mlkit:vision-internal-vkp:18.2.2] AndroidManifest.xml:15:17-103
107                android:value="com.google.firebase.components.ComponentRegistrar" />
107-->[com.google.mlkit:vision-internal-vkp:18.2.2] AndroidManifest.xml:16:17-82
108            <meta-data
108-->[com.google.android.gms:play-services-mlkit-face-detection:17.0.1] AndroidManifest.xml:12:13-14:85
109                android:name="com.google.firebase.components:com.google.mlkit.vision.face.internal.FaceRegistrar"
109-->[com.google.android.gms:play-services-mlkit-face-detection:17.0.1] AndroidManifest.xml:13:17-114
110                android:value="com.google.firebase.components.ComponentRegistrar" />
110-->[com.google.android.gms:play-services-mlkit-face-detection:17.0.1] AndroidManifest.xml:14:17-82
111            <meta-data
111-->[com.google.android.gms:play-services-mlkit-text-recognition-common:18.0.0] AndroidManifest.xml:12:13-14:85
112                android:name="com.google.firebase.components:com.google.mlkit.vision.text.internal.TextRegistrar"
112-->[com.google.android.gms:play-services-mlkit-text-recognition-common:18.0.0] AndroidManifest.xml:13:17-114
113                android:value="com.google.firebase.components.ComponentRegistrar" />
113-->[com.google.android.gms:play-services-mlkit-text-recognition-common:18.0.0] AndroidManifest.xml:14:17-82
114            <meta-data
114-->[com.google.mlkit:vision-common:17.2.1] AndroidManifest.xml:12:13-14:85
115                android:name="com.google.firebase.components:com.google.mlkit.vision.common.internal.VisionCommonRegistrar"
115-->[com.google.mlkit:vision-common:17.2.1] AndroidManifest.xml:13:17-124
116                android:value="com.google.firebase.components.ComponentRegistrar" />
116-->[com.google.mlkit:vision-common:17.2.1] AndroidManifest.xml:14:17-82
117            <meta-data
117-->[com.google.mlkit:common:18.5.0] AndroidManifest.xml:20:13-22:85
118                android:name="com.google.firebase.components:com.google.mlkit.common.internal.CommonComponentRegistrar"
118-->[com.google.mlkit:common:18.5.0] AndroidManifest.xml:21:17-120
119                android:value="com.google.firebase.components.ComponentRegistrar" />
119-->[com.google.mlkit:common:18.5.0] AndroidManifest.xml:22:17-82
120        </service>
121        <service
121-->[com.google.mlkit:acceleration:16.0.0-beta1] AndroidManifest.xml:8:9-11:68
122            android:name="com.google.mlkit.acceleration.internal.MlKitRemoteWorkerService"
122-->[com.google.mlkit:acceleration:16.0.0-beta1] AndroidManifest.xml:9:13-91
123            android:exported="false"
123-->[com.google.mlkit:acceleration:16.0.0-beta1] AndroidManifest.xml:10:13-37
124            android:process=":mlkit_acceleration_mini_benchmark" />
124-->[com.google.mlkit:acceleration:16.0.0-beta1] AndroidManifest.xml:11:13-65
125        <service
125-->[androidx.work:work-multiprocess:2.7.0] AndroidManifest.xml:25:9-27:40
126            android:name="androidx.work.multiprocess.RemoteWorkManagerService"
126-->[androidx.work:work-multiprocess:2.7.0] AndroidManifest.xml:26:13-79
127            android:exported="false" />
127-->[androidx.work:work-multiprocess:2.7.0] AndroidManifest.xml:27:13-37
128
129        <provider
129-->[com.google.mlkit:common:18.5.0] AndroidManifest.xml:9:9-13:38
130            android:name="com.google.mlkit.common.internal.MlKitInitProvider"
130-->[com.google.mlkit:common:18.5.0] AndroidManifest.xml:10:13-78
131            android:authorities="com.google.mlkit.vision.demo.mlkitinitprovider"
131-->[com.google.mlkit:common:18.5.0] AndroidManifest.xml:11:13-69
132            android:exported="false"
132-->[com.google.mlkit:common:18.5.0] AndroidManifest.xml:12:13-37
133            android:initOrder="99" />
133-->[com.google.mlkit:common:18.5.0] AndroidManifest.xml:13:13-35
134
135        <activity
135-->[com.google.android.gms:play-services-base:18.1.0] AndroidManifest.xml:20:9-22:45
136            android:name="com.google.android.gms.common.api.GoogleApiActivity"
136-->[com.google.android.gms:play-services-base:18.1.0] AndroidManifest.xml:20:19-85
137            android:exported="false"
137-->[com.google.android.gms:play-services-base:18.1.0] AndroidManifest.xml:22:19-43
138            android:theme="@android:style/Theme.Translucent.NoTitleBar" />
138-->[com.google.android.gms:play-services-base:18.1.0] AndroidManifest.xml:21:19-78
139
140        <meta-data
140-->[com.google.android.gms:play-services-basement:18.1.0] AndroidManifest.xml:21:9-23:69
141            android:name="com.google.android.gms.version"
141-->[com.google.android.gms:play-services-basement:18.1.0] AndroidManifest.xml:22:13-58
142            android:value="@integer/google_play_services_version" />
142-->[com.google.android.gms:play-services-basement:18.1.0] AndroidManifest.xml:23:13-66
143
144        <provider
144-->[androidx.work:work-runtime:2.7.0] AndroidManifest.xml:31:9-39:20
145            android:name="androidx.startup.InitializationProvider"
145-->[androidx.work:work-runtime:2.7.0] AndroidManifest.xml:32:13-67
146            android:authorities="com.google.mlkit.vision.demo.androidx-startup"
146-->[androidx.work:work-runtime:2.7.0] AndroidManifest.xml:33:13-68
147            android:exported="false" >
147-->[androidx.work:work-runtime:2.7.0] AndroidManifest.xml:34:13-37
148            <meta-data
148-->[androidx.work:work-runtime:2.7.0] AndroidManifest.xml:36:13-38:52
149                android:name="androidx.work.WorkManagerInitializer"
149-->[androidx.work:work-runtime:2.7.0] AndroidManifest.xml:37:17-68
150                android:value="androidx.startup" />
150-->[androidx.work:work-runtime:2.7.0] AndroidManifest.xml:38:17-49
151        </provider>
152
153        <service
153-->[androidx.work:work-runtime:2.7.0] AndroidManifest.xml:41:9-46:35
154            android:name="androidx.work.impl.background.systemalarm.SystemAlarmService"
154-->[androidx.work:work-runtime:2.7.0] AndroidManifest.xml:42:13-88
155            android:directBootAware="false"
155-->[androidx.work:work-runtime:2.7.0] AndroidManifest.xml:43:13-44
156            android:enabled="@bool/enable_system_alarm_service_default"
156-->[androidx.work:work-runtime:2.7.0] AndroidManifest.xml:44:13-72
157            android:exported="false" />
157-->[androidx.work:work-runtime:2.7.0] AndroidManifest.xml:45:13-37
158        <service
158-->[androidx.work:work-runtime:2.7.0] AndroidManifest.xml:47:9-53:35
159            android:name="androidx.work.impl.background.systemjob.SystemJobService"
159-->[androidx.work:work-runtime:2.7.0] AndroidManifest.xml:48:13-84
160            android:directBootAware="false"
160-->[androidx.work:work-runtime:2.7.0] AndroidManifest.xml:49:13-44
161            android:enabled="@bool/enable_system_job_service_default"
161-->[androidx.work:work-runtime:2.7.0] AndroidManifest.xml:50:13-70
162            android:exported="true"
162-->[androidx.work:work-runtime:2.7.0] AndroidManifest.xml:51:13-36
163            android:permission="android.permission.BIND_JOB_SERVICE" />
163-->[androidx.work:work-runtime:2.7.0] AndroidManifest.xml:52:13-69
164        <service
164-->[androidx.work:work-runtime:2.7.0] AndroidManifest.xml:54:9-59:35
165            android:name="androidx.work.impl.foreground.SystemForegroundService"
165-->[androidx.work:work-runtime:2.7.0] AndroidManifest.xml:55:13-81
166            android:directBootAware="false"
166-->[androidx.work:work-runtime:2.7.0] AndroidManifest.xml:56:13-44
167            android:enabled="@bool/enable_system_foreground_service_default"
167-->[androidx.work:work-runtime:2.7.0] AndroidManifest.xml:57:13-77
168            android:exported="false" />
168-->[androidx.work:work-runtime:2.7.0] AndroidManifest.xml:58:13-37
169
170        <receiver
170-->[androidx.work:work-runtime:2.7.0] AndroidManifest.xml:61:9-66:35
171            android:name="androidx.work.impl.utils.ForceStopRunnable$BroadcastReceiver"
171-->[androidx.work:work-runtime:2.7.0] AndroidManifest.xml:62:13-88
172            android:directBootAware="false"
172-->[androidx.work:work-runtime:2.7.0] AndroidManifest.xml:63:13-44
173            android:enabled="true"
173-->[androidx.work:work-runtime:2.7.0] AndroidManifest.xml:64:13-35
174            android:exported="false" />
174-->[androidx.work:work-runtime:2.7.0] AndroidManifest.xml:65:13-37
175        <receiver
175-->[androidx.work:work-runtime:2.7.0] AndroidManifest.xml:67:9-77:20
176            android:name="androidx.work.impl.background.systemalarm.ConstraintProxy$BatteryChargingProxy"
176-->[androidx.work:work-runtime:2.7.0] AndroidManifest.xml:68:13-106
177            android:directBootAware="false"
177-->[androidx.work:work-runtime:2.7.0] AndroidManifest.xml:69:13-44
178            android:enabled="false"
178-->[androidx.work:work-runtime:2.7.0] AndroidManifest.xml:70:13-36
179            android:exported="false" >
179-->[androidx.work:work-runtime:2.7.0] AndroidManifest.xml:71:13-37
180            <intent-filter>
180-->[androidx.work:work-runtime:2.7.0] AndroidManifest.xml:73:13-76:29
181                <action android:name="android.intent.action.ACTION_POWER_CONNECTED" />
181-->[androidx.work:work-runtime:2.7.0] AndroidManifest.xml:74:17-87
181-->[androidx.work:work-runtime:2.7.0] AndroidManifest.xml:74:25-84
182                <action android:name="android.intent.action.ACTION_POWER_DISCONNECTED" />
182-->[androidx.work:work-runtime:2.7.0] AndroidManifest.xml:75:17-90
182-->[androidx.work:work-runtime:2.7.0] AndroidManifest.xml:75:25-87
183            </intent-filter>
184        </receiver>
185        <receiver
185-->[androidx.work:work-runtime:2.7.0] AndroidManifest.xml:78:9-88:20
186            android:name="androidx.work.impl.background.systemalarm.ConstraintProxy$BatteryNotLowProxy"
186-->[androidx.work:work-runtime:2.7.0] AndroidManifest.xml:79:13-104
187            android:directBootAware="false"
187-->[androidx.work:work-runtime:2.7.0] AndroidManifest.xml:80:13-44
188            android:enabled="false"
188-->[androidx.work:work-runtime:2.7.0] AndroidManifest.xml:81:13-36
189            android:exported="false" >
189-->[androidx.work:work-runtime:2.7.0] AndroidManifest.xml:82:13-37
190            <intent-filter>
190-->[androidx.work:work-runtime:2.7.0] AndroidManifest.xml:84:13-87:29
191                <action android:name="android.intent.action.BATTERY_OKAY" />
191-->[androidx.work:work-runtime:2.7.0] AndroidManifest.xml:85:17-77
191-->[androidx.work:work-runtime:2.7.0] AndroidManifest.xml:85:25-74
192                <action android:name="android.intent.action.BATTERY_LOW" />
192-->[androidx.work:work-runtime:2.7.0] AndroidManifest.xml:86:17-76
192-->[androidx.work:work-runtime:2.7.0] AndroidManifest.xml:86:25-73
193            </intent-filter>
194        </receiver>
195        <receiver
195-->[androidx.work:work-runtime:2.7.0] AndroidManifest.xml:89:9-99:20
196            android:name="androidx.work.impl.background.systemalarm.ConstraintProxy$StorageNotLowProxy"
196-->[androidx.work:work-runtime:2.7.0] AndroidManifest.xml:90:13-104
197            android:directBootAware="false"
197-->[androidx.work:work-runtime:2.7.0] AndroidManifest.xml:91:13-44
198            android:enabled="false"
198-->[androidx.work:work-runtime:2.7.0] AndroidManifest.xml:92:13-36
199            android:exported="false" >
199-->[androidx.work:work-runtime:2.7.0] AndroidManifest.xml:93:13-37
200            <intent-filter>
200-->[androidx.work:work-runtime:2.7.0] AndroidManifest.xml:95:13-98:29
201                <action android:name="android.intent.action.DEVICE_STORAGE_LOW" />
201-->[androidx.work:work-runtime:2.7.0] AndroidManifest.xml:96:17-83
201-->[androidx.work:work-runtime:2.7.0] AndroidManifest.xml:96:25-80
202                <action android:name="android.intent.action.DEVICE_STORAGE_OK" />
202-->[androidx.work:work-runtime:2.7.0] AndroidManifest.xml:97:17-82
202-->[androidx.work:work-runtime:2.7.0] AndroidManifest.xml:97:25-79
203            </intent-filter>
204        </receiver>
205        <receiver
205-->[androidx.work:work-runtime:2.7.0] AndroidManifest.xml:100:9-109:20
206            android:name="androidx.work.impl.background.systemalarm.ConstraintProxy$NetworkStateProxy"
206-->[androidx.work:work-runtime:2.7.0] AndroidManifest.xml:101:13-103
207            android:directBootAware="false"
207-->[androidx.work:work-runtime:2.7.0] AndroidManifest.xml:102:13-44
208            android:enabled="false"
208-->[androidx.work:work-runtime:2.7.0] AndroidManifest.xml:103:13-36
209            android:exported="false" >
209-->[androidx.work:work-runtime:2.7.0] AndroidManifest.xml:104:13-37
210            <intent-filter>
210-->[androidx.work:work-runtime:2.7.0] AndroidManifest.xml:106:13-108:29
211                <action android:name="android.net.conn.CONNECTIVITY_CHANGE" />
211-->[androidx.work:work-runtime:2.7.0] AndroidManifest.xml:107:17-79
211-->[androidx.work:work-runtime:2.7.0] AndroidManifest.xml:107:25-76
212            </intent-filter>
213        </receiver>
214        <receiver
214-->[androidx.work:work-runtime:2.7.0] AndroidManifest.xml:110:9-121:20
215            android:name="androidx.work.impl.background.systemalarm.RescheduleReceiver"
215-->[androidx.work:work-runtime:2.7.0] AndroidManifest.xml:111:13-88
216            android:directBootAware="false"
216-->[androidx.work:work-runtime:2.7.0] AndroidManifest.xml:112:13-44
217            android:enabled="false"
217-->[androidx.work:work-runtime:2.7.0] AndroidManifest.xml:113:13-36
218            android:exported="false" >
218-->[androidx.work:work-runtime:2.7.0] AndroidManifest.xml:114:13-37
219            <intent-filter>
219-->[androidx.work:work-runtime:2.7.0] AndroidManifest.xml:116:13-120:29
220                <action android:name="android.intent.action.BOOT_COMPLETED" />
220-->[androidx.work:work-runtime:2.7.0] AndroidManifest.xml:117:17-79
220-->[androidx.work:work-runtime:2.7.0] AndroidManifest.xml:117:25-76
221                <action android:name="android.intent.action.TIME_SET" />
221-->[androidx.work:work-runtime:2.7.0] AndroidManifest.xml:118:17-73
221-->[androidx.work:work-runtime:2.7.0] AndroidManifest.xml:118:25-70
222                <action android:name="android.intent.action.TIMEZONE_CHANGED" />
222-->[androidx.work:work-runtime:2.7.0] AndroidManifest.xml:119:17-81
222-->[androidx.work:work-runtime:2.7.0] AndroidManifest.xml:119:25-78
223            </intent-filter>
224        </receiver>
225        <receiver
225-->[androidx.work:work-runtime:2.7.0] AndroidManifest.xml:122:9-131:20
226            android:name="androidx.work.impl.background.systemalarm.ConstraintProxyUpdateReceiver"
226-->[androidx.work:work-runtime:2.7.0] AndroidManifest.xml:123:13-99
227            android:directBootAware="false"
227-->[androidx.work:work-runtime:2.7.0] AndroidManifest.xml:124:13-44
228            android:enabled="@bool/enable_system_alarm_service_default"
228-->[androidx.work:work-runtime:2.7.0] AndroidManifest.xml:125:13-72
229            android:exported="false" >
229-->[androidx.work:work-runtime:2.7.0] AndroidManifest.xml:126:13-37
230            <intent-filter>
230-->[androidx.work:work-runtime:2.7.0] AndroidManifest.xml:128:13-130:29
231                <action android:name="androidx.work.impl.background.systemalarm.UpdateProxies" />
231-->[androidx.work:work-runtime:2.7.0] AndroidManifest.xml:129:17-98
231-->[androidx.work:work-runtime:2.7.0] AndroidManifest.xml:129:25-95
232            </intent-filter>
233        </receiver>
234        <receiver
234-->[androidx.work:work-runtime:2.7.0] AndroidManifest.xml:132:9-142:20
235            android:name="androidx.work.impl.diagnostics.DiagnosticsReceiver"
235-->[androidx.work:work-runtime:2.7.0] AndroidManifest.xml:133:13-78
236            android:directBootAware="false"
236-->[androidx.work:work-runtime:2.7.0] AndroidManifest.xml:134:13-44
237            android:enabled="true"
237-->[androidx.work:work-runtime:2.7.0] AndroidManifest.xml:135:13-35
238            android:exported="true"
238-->[androidx.work:work-runtime:2.7.0] AndroidManifest.xml:136:13-36
239            android:permission="android.permission.DUMP" >
239-->[androidx.work:work-runtime:2.7.0] AndroidManifest.xml:137:13-57
240            <intent-filter>
240-->[androidx.work:work-runtime:2.7.0] AndroidManifest.xml:139:13-141:29
241                <action android:name="androidx.work.diagnostics.REQUEST_DIAGNOSTICS" />
241-->[androidx.work:work-runtime:2.7.0] AndroidManifest.xml:140:17-88
241-->[androidx.work:work-runtime:2.7.0] AndroidManifest.xml:140:25-85
242            </intent-filter>
243        </receiver>
244
245        <service
245-->[com.google.android.datatransport:transport-backend-cct:2.3.3] AndroidManifest.xml:29:9-35:19
246            android:name="com.google.android.datatransport.runtime.backends.TransportBackendDiscovery"
246-->[com.google.android.datatransport:transport-backend-cct:2.3.3] AndroidManifest.xml:30:13-103
247            android:exported="false" >
247-->[com.google.android.datatransport:transport-backend-cct:2.3.3] AndroidManifest.xml:31:13-37
248            <meta-data
248-->[com.google.android.datatransport:transport-backend-cct:2.3.3] AndroidManifest.xml:32:13-34:39
249                android:name="backend:com.google.android.datatransport.cct.CctBackendFactory"
249-->[com.google.android.datatransport:transport-backend-cct:2.3.3] AndroidManifest.xml:33:17-94
250                android:value="cct" />
250-->[com.google.android.datatransport:transport-backend-cct:2.3.3] AndroidManifest.xml:34:17-36
251        </service>
252        <service
252-->[com.google.android.datatransport:transport-runtime:2.2.6] AndroidManifest.xml:26:9-30:19
253            android:name="com.google.android.datatransport.runtime.scheduling.jobscheduling.JobInfoSchedulerService"
253-->[com.google.android.datatransport:transport-runtime:2.2.6] AndroidManifest.xml:27:13-117
254            android:exported="false"
254-->[com.google.android.datatransport:transport-runtime:2.2.6] AndroidManifest.xml:28:13-37
255            android:permission="android.permission.BIND_JOB_SERVICE" >
255-->[com.google.android.datatransport:transport-runtime:2.2.6] AndroidManifest.xml:29:13-69
256        </service>
257
258        <receiver
258-->[com.google.android.datatransport:transport-runtime:2.2.6] AndroidManifest.xml:32:9-34:40
259            android:name="com.google.android.datatransport.runtime.scheduling.jobscheduling.AlarmManagerSchedulerBroadcastReceiver"
259-->[com.google.android.datatransport:transport-runtime:2.2.6] AndroidManifest.xml:33:13-132
260            android:exported="false" />
260-->[com.google.android.datatransport:transport-runtime:2.2.6] AndroidManifest.xml:34:13-37
261
262        <service
262-->[androidx.room:room-runtime:2.2.5] AndroidManifest.xml:25:9-28:40
263            android:name="androidx.room.MultiInstanceInvalidationService"